# JRE version: OpenJDK Runtime Environment (8.0_112-b06) (build 1.8.0_112-release-b06)
# Java VM: OpenJDK 64-Bit Server VM (25.112-b06 mixed mode linux-amd64 compressed oops)
Heap:
 PSYoungGen      total 231936K, used 0K [0x00000000eab00000, 0x00000000ffa00000, 0x0000000100000000)
  eden space 126976K, 0% used [0x00000000eab00000,0x00000000eab00000,0x00000000f2700000)
  from space 104960K, 0% used [0x00000000f2700000,0x00000000f2700000,0x00000000f8d80000)
  to   space 100352K, 0% used [0x00000000f9800000,0x00000000f9800000,0x00000000ffa00000)
 ParOldGen       total 629760K, used 622538K [0x00000000c0000000, 0x00000000e6700000, 0x00000000eab00000)
  object space 629760K, 98% used [0x00000000c0000000,0x00000000e5ff2b80,0x00000000e6700000)
 Metaspace       used 6432K, capacity 7280K, committed 7552K, reserved 1056768K
  class space    used 588K, capacity 616K, committed 640K, reserved 1048576K
GC Heap History (10 events):
Event: 26,088 GC heap after
Heap after GC invocations=31 (full 4):
 PSYoungGen      total 232960K, used 18749K [0x00000000eab00000, 0x0000000100000000, 0x0000000100000000)
  eden space 116736K, 0% used [0x00000000eab00000,0x00000000eab00000,0x00000000f1d00000)
  from space 116224K, 16% used [0x00000000f1d00000,0x00000000f2f4f4a0,0x00000000f8e80000)
  to   space 116224K, 0% used [0x00000000f8e80000,0x00000000f8e80000,0x0000000100000000)
 ParOldGen       total 629760K, used 532502K [0x00000000c0000000, 0x00000000e6700000, 0x00000000eab00000)
  object space 629760K, 84% used [0x00000000c0000000,0x00000000e0805908,0x00000000e6700000)
 Metaspace       used 6431K, capacity 7280K, committed 7552K, reserved 1056768K
  class space    used 588K, capacity 616K, committed 640K, reserved 1048576K
}
Event: 26,365 GC heap before
{Heap before GC invocations=32 (full 4):
 PSYoungGen      total 232960K, used 135485K [0x00000000eab00000, 0x0000000100000000, 0x0000000100000000)
  eden space 116736K, 100% used [0x00000000eab00000,0x00000000f1d00000,0x00000000f1d00000)
  from space 116224K, 16% used [0x00000000f1d00000,0x00000000f2f4f4a0,0x00000000f8e80000)
  to   space 116224K, 0% used [0x00000000f8e80000,0x00000000f8e80000,0x0000000100000000)
 ParOldGen       total 629760K, used 532502K [0x00000000c0000000, 0x00000000e6700000, 0x00000000eab00000)
  object space 629760K, 84% used [0x00000000c0000000,0x00000000e0805908,0x00000000e6700000)
 Metaspace       used 6432K, capacity 7280K, committed 7552K, reserved 1056768K
  class space    used 588K, capacity 616K, committed 640K, reserved 1048576K
Event: 26,427 GC heap after
Heap after GC invocations=32 (full 4):
 PSYoungGen      total 226816K, used 18705K [0x00000000eab00000, 0x00000000ffa00000, 0x0000000100000000)
  eden space 116736K, 0% used [0x00000000eab00000,0x00000000eab00000,0x00000000f1d00000)
  from space 110080K, 16% used [0x00000000f8e80000,0x00000000fa0c45e8,0x00000000ffa00000)
  to   space 113152K, 0% used [0x00000000f1d00000,0x00000000f1d00000,0x00000000f8b80000)
 ParOldGen       total 629760K, used 550677K [0x00000000c0000000, 0x00000000e6700000, 0x00000000eab00000)
  object space 629760K, 87% used [0x00000000c0000000,0x00000000e19c56b8,0x00000000e6700000)
 Metaspace       used 6432K, capacity 7280K, committed 7552K, reserved 1056768K
  class space    used 588K, capacity 616K, committed 640K, reserved 1048576K
}
Event: 26,689 GC heap before
{Heap before GC invocations=33 (full 4):
 PSYoungGen      total 226816K, used 135441K [0x00000000eab00000, 0x00000000ffa00000, 0x0000000100000000)
  eden space 116736K, 100% used [0x00000000eab00000,0x00000000f1d00000,0x00000000f1d00000)
  from space 110080K, 16% used [0x00000000f8e80000,0x00000000fa0c45e8,0x00000000ffa00000)
  to   space 113152K, 0% used [0x00000000f1d00000,0x00000000f1d00000,0x00000000f8b80000)
 ParOldGen       total 629760K, used 550677K [0x00000000c0000000, 0x00000000e6700000, 0x00000000eab00000)
  object space 629760K, 87% used [0x00000000c0000000,0x00000000e19c56b8,0x00000000e6700000)
 Metaspace       used 6432K, capacity 7280K, committed 7552K, reserved 1056768K
  class space    used 588K, capacity 616K, committed 640K, reserved 1048576K
Event: 26,746 GC heap after
Heap after GC invocations=33 (full 4):
 PSYoungGen      total 229888K, used 17872K [0x00000000eab00000, 0x00000000ffb00000, 0x0000000100000000)
  eden space 116736K, 0% used [0x00000000eab00000,0x00000000eab00000,0x00000000f1d00000)
  from space 113152K, 15% used [0x00000000f1d00000,0x00000000f2e74360,0x00000000f8b80000)
  to   space 109056K, 0% used [0x00000000f9080000,0x00000000f9080000,0x00000000ffb00000)
 ParOldGen       total 629760K, used 568599K [0x00000000c0000000, 0x00000000e6700000, 0x00000000eab00000)
  object space 629760K, 90% used [0x00000000c0000000,0x00000000e2b45f68,0x00000000e6700000)
 Metaspace       used 6432K, capacity 7280K, committed 7552K, reserved 1056768K
  class space    used 588K, capacity 616K, committed 640K, reserved 1048576K
}
Event: 26,988 GC heap before
{Heap before GC invocations=34 (full 4):
 PSYoungGen      total 229888K, used 134608K [0x00000000eab00000, 0x00000000ffb00000, 0x0000000100000000)
  eden space 116736K, 100% used [0x00000000eab00000,0x00000000f1d00000,0x00000000f1d00000)
  from space 113152K, 15% used [0x00000000f1d00000,0x00000000f2e74360,0x00000000f8b80000)
  to   space 109056K, 0% used [0x00000000f9080000,0x00000000f9080000,0x00000000ffb00000)
 ParOldGen       total 629760K, used 568599K [0x00000000c0000000, 0x00000000e6700000, 0x00000000eab00000)
  object space 629760K, 90% used [0x00000000c0000000,0x00000000e2b45f68,0x00000000e6700000)
 Metaspace       used 6432K, capacity 7280K, committed 7552K, reserved 1056768K
  class space    used 588K, capacity 616K, committed 640K, reserved 1048576K
Event: 27,056 GC heap after
Heap after GC invocations=34 (full 4):
 PSYoungGen      total 228864K, used 19287K [0x00000000eab00000, 0x00000000ff400000, 0x0000000100000000)
  eden space 126976K, 0% used [0x00000000eab00000,0x00000000eab00000,0x00000000f2700000)
  from space 101888K, 18% used [0x00000000f9080000,0x00000000fa355c70,0x00000000ff400000)
  to   space 104960K, 0% used [0x00000000f2700000,0x00000000f2700000,0x00000000f8d80000)
 ParOldGen       total 629760K, used 585709K [0x00000000c0000000, 0x00000000e6700000, 0x00000000eab00000)
  object space 629760K, 93% used [0x00000000c0000000,0x00000000e3bfb620,0x00000000e6700000)
 Metaspace       used 6432K, capacity 7280K, committed 7552K, reserved 1056768K
  class space    used 588K, capacity 616K, committed 640K, reserved 1048576K
}
Event: 27,320 GC heap before
{Heap before GC invocations=35 (full 4):
 PSYoungGen      total 228864K, used 146263K [0x00000000eab00000, 0x00000000ff400000, 0x0000000100000000)
  eden space 126976K, 100% used [0x00000000eab00000,0x00000000f2700000,0x00000000f2700000)
  from space 101888K, 18% used [0x00000000f9080000,0x00000000fa355c70,0x00000000ff400000)
  to   space 104960K, 0% used [0x00000000f2700000,0x00000000f2700000,0x00000000f8d80000)
 ParOldGen       total 629760K, used 585709K [0x00000000c0000000, 0x00000000e6700000, 0x00000000eab00000)
  object space 629760K, 93% used [0x00000000c0000000,0x00000000e3bfb620,0x00000000e6700000)
 Metaspace       used 6432K, capacity 7280K, committed 7552K, reserved 1056768K
  class space    used 588K, capacity 616K, committed 640K, reserved 1048576K
Event: 27,395 GC heap after
Heap after GC invocations=35 (full 4):
 PSYoungGen      total 231936K, used 20928K [0x00000000eab00000, 0x00000000ffa00000, 0x0000000100000000)
  eden space 126976K, 0% used [0x00000000eab00000,0x00000000eab00000,0x00000000f2700000)
  from space 104960K, 19% used [0x00000000f2700000,0x00000000f3b70000,0x00000000f8d80000)
  to   space 100352K, 0% used [0x00000000f9800000,0x00000000f9800000,0x00000000ffa00000)
 ParOldGen       total 629760K, used 604339K [0x00000000c0000000, 0x00000000e6700000, 0x00000000eab00000)
  object space 629760K, 95% used [0x00000000c0000000,0x00000000e4e2ce30,0x00000000e6700000)
 Metaspace       used 6432K, capacity 7280K, committed 7552K, reserved 1056768K
  class space    used 588K, capacity 616K, committed 640K, reserved 1048576K
}
Event: 27,397 GC heap before
{Heap before GC invocations=36 (full 5):
 PSYoungGen      total 231936K, used 20928K [0x00000000eab00000, 0x00000000ffa00000, 0x0000000100000000)
  eden space 126976K, 0% used [0x00000000eab00000,0x00000000eab00000,0x00000000f2700000)
  from space 104960K, 19% used [0x00000000f2700000,0x00000000f3b70000,0x00000000f8d80000)
  to   space 100352K, 0% used [0x00000000f9800000,0x00000000f9800000,0x00000000ffa00000)
 ParOldGen       total 629760K, used 604339K [0x00000000c0000000, 0x00000000e6700000, 0x00000000eab00000)
  object space 629760K, 95% used [0x00000000c0000000,0x00000000e4e2ce30,0x00000000e6700000)
 Metaspace       used 6432K, capacity 7280K, committed 7552K, reserved 1056768K
  class space    used 588K, capacity 616K, committed 640K, reserved 1048576K

