# JRE version: OpenJDK Runtime Environment (8.0_112-b06) (build 1.8.0_112-release-b06)
# Java VM: OpenJDK 64-Bit Server VM (25.112-b06 mixed mode linux-amd64 compressed oops)
Heap:
 PSYoungGen      total 230912K, used 10959K [0x00000000eab00000, 0x00000000ffe00000, 0x0000000100000000)
  eden space 116736K, 0% used [0x00000000eab00000,0x00000000eab00000,0x00000000f1d00000)
  from space 114176K, 9% used [0x00000000f8e80000,0x00000000f9933e10,0x00000000ffe00000)
  to   space 115200K, 0% used [0x00000000f1d00000,0x00000000f1d00000,0x00000000f8d80000)
 ParOldGen       total 485888K, used 485881K [0x00000000c0000000, 0x00000000dda80000, 0x00000000eab00000)
  object space 485888K, 99% used [0x00000000c0000000,0x00000000dda7e680,0x00000000dda80000)
 Metaspace       used 6435K, capacity 7280K, committed 7552K, reserved 1056768K
  class space    used 588K, capacity 616K, committed 640K, reserved 1048576K
GC Heap History (10 events):
Event: 17,338 GC heap after
Heap after GC invocations=25 (full 3):
 PSYoungGen      total 232960K, used 51479K [0x00000000eab00000, 0x00000000ff500000, 0x0000000100000000)
  eden space 126976K, 0% used [0x00000000eab00000,0x00000000eab00000,0x00000000f2700000)
  from space 105984K, 48% used [0x00000000f8d80000,0x00000000fbfc5f38,0x00000000ff500000)
  to   space 104960K, 0% used [0x00000000f2700000,0x00000000f2700000,0x00000000f8d80000)
 ParOldGen       total 485888K, used 375999K [0x00000000c0000000, 0x00000000dda80000, 0x00000000eab00000)
  object space 485888K, 77% used [0x00000000c0000000,0x00000000d6f2ff50,0x00000000dda80000)
 Metaspace       used 6432K, capacity 7280K, committed 7552K, reserved 1056768K
  class space    used 587K, capacity 616K, committed 640K, reserved 1048576K
}
Event: 17,656 GC heap before
{Heap before GC invocations=26 (full 3):
 PSYoungGen      total 232960K, used 178455K [0x00000000eab00000, 0x00000000ff500000, 0x0000000100000000)
  eden space 126976K, 100% used [0x00000000eab00000,0x00000000f2700000,0x00000000f2700000)
  from space 105984K, 48% used [0x00000000f8d80000,0x00000000fbfc5f38,0x00000000ff500000)
  to   space 104960K, 0% used [0x00000000f2700000,0x00000000f2700000,0x00000000f8d80000)
 ParOldGen       total 485888K, used 375999K [0x00000000c0000000, 0x00000000dda80000, 0x00000000eab00000)
  object space 485888K, 77% used [0x00000000c0000000,0x00000000d6f2ff50,0x00000000dda80000)
 Metaspace       used 6434K, capacity 7280K, committed 7552K, reserved 1056768K
  class space    used 588K, capacity 616K, committed 640K, reserved 1048576K
Event: 17,717 GC heap after
Heap after GC invocations=26 (full 3):
 PSYoungGen      total 231936K, used 70357K [0x00000000eab00000, 0x0000000100000000, 0x0000000100000000)
  eden space 126976K, 0% used [0x00000000eab00000,0x00000000eab00000,0x00000000f2700000)
  from space 104960K, 67% used [0x00000000f2700000,0x00000000f6bb5660,0x00000000f8d80000)
  to   space 109568K, 0% used [0x00000000f9500000,0x00000000f9500000,0x0000000100000000)
 ParOldGen       total 485888K, used 375999K [0x00000000c0000000, 0x00000000dda80000, 0x00000000eab00000)
  object space 485888K, 77% used [0x00000000c0000000,0x00000000d6f2ff50,0x00000000dda80000)
 Metaspace       used 6434K, capacity 7280K, committed 7552K, reserved 1056768K
  class space    used 588K, capacity 616K, committed 640K, reserved 1048576K
}
Event: 18,036 GC heap before
{Heap before GC invocations=27 (full 3):
 PSYoungGen      total 231936K, used 197333K [0x00000000eab00000, 0x0000000100000000, 0x0000000100000000)
  eden space 126976K, 100% used [0x00000000eab00000,0x00000000f2700000,0x00000000f2700000)
  from space 104960K, 67% used [0x00000000f2700000,0x00000000f6bb5660,0x00000000f8d80000)
  to   space 109568K, 0% used [0x00000000f9500000,0x00000000f9500000,0x0000000100000000)
 ParOldGen       total 485888K, used 375999K [0x00000000c0000000, 0x00000000dda80000, 0x00000000eab00000)
  object space 485888K, 77% used [0x00000000c0000000,0x00000000d6f2ff50,0x00000000dda80000)
 Metaspace       used 6434K, capacity 7280K, committed 7552K, reserved 1056768K
  class space    used 588K, capacity 616K, committed 640K, reserved 1048576K
Event: 18,141 GC heap after
Heap after GC invocations=27 (full 3):
 PSYoungGen      total 226304K, used 88639K [0x00000000eab00000, 0x0000000100000000, 0x0000000100000000)
  eden space 116736K, 0% used [0x00000000eab00000,0x00000000eab00000,0x00000000f1d00000)
  from space 109568K, 80% used [0x00000000f9500000,0x00000000feb8fd08,0x0000000100000000)
  to   space 116224K, 0% used [0x00000000f1d00000,0x00000000f1d00000,0x00000000f8e80000)
 ParOldGen       total 485888K, used 375999K [0x00000000c0000000, 0x00000000dda80000, 0x00000000eab00000)
  object space 485888K, 77% used [0x00000000c0000000,0x00000000d6f2ff50,0x00000000dda80000)
 Metaspace       used 6434K, capacity 7280K, committed 7552K, reserved 1056768K
  class space    used 588K, capacity 616K, committed 640K, reserved 1048576K
}
Event: 18,421 GC heap before
{Heap before GC invocations=28 (full 3):
 PSYoungGen      total 226304K, used 205375K [0x00000000eab00000, 0x0000000100000000, 0x0000000100000000)
  eden space 116736K, 100% used [0x00000000eab00000,0x00000000f1d00000,0x00000000f1d00000)
  from space 109568K, 80% used [0x00000000f9500000,0x00000000feb8fd08,0x0000000100000000)
  to   space 116224K, 0% used [0x00000000f1d00000,0x00000000f1d00000,0x00000000f8e80000)
 ParOldGen       total 485888K, used 375999K [0x00000000c0000000, 0x00000000dda80000, 0x00000000eab00000)
  object space 485888K, 77% used [0x00000000c0000000,0x00000000d6f2ff50,0x00000000dda80000)
 Metaspace       used 6435K, capacity 7280K, committed 7552K, reserved 1056768K
  class space    used 588K, capacity 616K, committed 640K, reserved 1048576K
Event: 18,568 GC heap after
Heap after GC invocations=28 (full 3):
 PSYoungGen      total 232960K, used 71457K [0x00000000eab00000, 0x0000000100000000, 0x0000000100000000)
  eden space 116736K, 0% used [0x00000000eab00000,0x00000000eab00000,0x00000000f1d00000)
  from space 116224K, 61% used [0x00000000f1d00000,0x00000000f62c8660,0x00000000f8e80000)
  to   space 116224K, 0% used [0x00000000f8e80000,0x00000000f8e80000,0x0000000100000000)
 ParOldGen       total 485888K, used 410110K [0x00000000c0000000, 0x00000000dda80000, 0x00000000eab00000)
  object space 485888K, 84% used [0x00000000c0000000,0x00000000d907f888,0x00000000dda80000)
 Metaspace       used 6435K, capacity 7280K, committed 7552K, reserved 1056768K
  class space    used 588K, capacity 616K, committed 640K, reserved 1048576K
}
Event: 18,852 GC heap before
{Heap before GC invocations=29 (full 3):
 PSYoungGen      total 232960K, used 188193K [0x00000000eab00000, 0x0000000100000000, 0x0000000100000000)
  eden space 116736K, 100% used [0x00000000eab00000,0x00000000f1d00000,0x00000000f1d00000)
  from space 116224K, 61% used [0x00000000f1d00000,0x00000000f62c8660,0x00000000f8e80000)
  to   space 116224K, 0% used [0x00000000f8e80000,0x00000000f8e80000,0x0000000100000000)
 ParOldGen       total 485888K, used 410110K [0x00000000c0000000, 0x00000000dda80000, 0x00000000eab00000)
  object space 485888K, 84% used [0x00000000c0000000,0x00000000d907f888,0x00000000dda80000)
 Metaspace       used 6435K, capacity 7280K, committed 7552K, reserved 1056768K
  class space    used 588K, capacity 616K, committed 640K, reserved 1048576K
Event: 18,953 GC heap after
Heap after GC invocations=29 (full 3):
 PSYoungGen      total 230912K, used 54103K [0x00000000eab00000, 0x00000000ffe00000, 0x0000000100000000)
  eden space 116736K, 0% used [0x00000000eab00000,0x00000000eab00000,0x00000000f1d00000)
  from space 114176K, 47% used [0x00000000f8e80000,0x00000000fc355df8,0x00000000ffe00000)
  to   space 115200K, 0% used [0x00000000f1d00000,0x00000000f1d00000,0x00000000f8d80000)
 ParOldGen       total 485888K, used 445893K [0x00000000c0000000, 0x00000000dda80000, 0x00000000eab00000)
  object space 485888K, 91% used [0x00000000c0000000,0x00000000db3715f0,0x00000000dda80000)
 Metaspace       used 6435K, capacity 7280K, committed 7552K, reserved 1056768K
  class space    used 588K, capacity 616K, committed 640K, reserved 1048576K
}
Event: 18,953 GC heap before
{Heap before GC invocations=30 (full 4):
 PSYoungGen      total 230912K, used 54103K [0x00000000eab00000, 0x00000000ffe00000, 0x0000000100000000)
  eden space 116736K, 0% used [0x00000000eab00000,0x00000000eab00000,0x00000000f1d00000)
  from space 114176K, 47% used [0x00000000f8e80000,0x00000000fc355df8,0x00000000ffe00000)
  to   space 115200K, 0% used [0x00000000f1d00000,0x00000000f1d00000,0x00000000f8d80000)
 ParOldGen       total 485888K, used 445893K [0x00000000c0000000, 0x00000000dda80000, 0x00000000eab00000)
  object space 485888K, 91% used [0x00000000c0000000,0x00000000db3715f0,0x00000000dda80000)
 Metaspace       used 6435K, capacity 7280K, committed 7552K, reserved 1056768K
  class space    used 588K, capacity 616K, committed 640K, reserved 1048576K

